@storybook/cli v7.6.20

info => Cleaning outputDir: /var/folders/8x/sqnyf2bs62j3_k4cqt4kjtlc0000gn/T/chromatic--87033-jtboJOJ1dBzh
info => Loading presets
info => Building manager..
info => Manager built (337 ms)
info => Building preview..
info => Copying static files: /Users/yujiokayama/MY-DEV/font-end-test/node_modules/@storybook/manager/static at /var/folders/8x/sqnyf2bs62j3_k4cqt4kjtlc0000gn/T/chromatic--87033-jtboJOJ1dBzh/sb-common-assets
WARN No story files found for the specified pattern: src/**/*.mdx
info Using Babel compiler
info Addon-docs: using MDX2
info => Using implicit CSS loaders
info => Using default Webpack5 setup
WARN asset size limit: The following asset(s) exceed the recommended size limit (244 KiB).
WARN This can impact web performance.
WARN Assets: 
WARN   71.02d1db17.iframe.bundle.js (583 KiB)
WARN   963.8ac0c227.iframe.bundle.js (1 MiB)
WARN   714.8b0f8a78.iframe.bundle.js (919 KiB)
WARN   737.7cf9a13f.iframe.bundle.js (718 KiB)
WARN entrypoint size limit: The following entrypoint(s) combined asset size exceeds the recommended limit (244 KiB). This can impact web performance.
WARN Entrypoints:
WARN   main (933 KiB)
WARN       runtime~main.8fc14cd3.iframe.bundle.js
WARN       714.8b0f8a78.iframe.bundle.js
WARN       main.146ba758.iframe.bundle.js
WARN 
info => Preview built (49 s)
info => Output directory: /var/folders/8x/sqnyf2bs62j3_k4cqt4kjtlc0000gn/T/chromatic--87033-jtboJOJ1dBzh
